<?xml version="1.0" encoding="UTF-8"?>
<testsuite xmlns:xsi="http://www.w3.org/2001/XMLSchema-instance" xsi:noNamespaceSchemaLocation="https://maven.apache.org/surefire/maven-surefire-plugin/xsd/surefire-test-report-3.0.xsd" version="3.0" name="apiTests.TestRunner" time="17.379" tests="7" errors="0" skipped="0" failures="0">
  <properties>
[...]
</properties>
  <testcase name="Checking the code and status when requesting with incorrect parameters #1" classname="Negative request by characters" time="8.213"/>
  <testcase name="Checking the code and status when requesting with incorrect parameters #2" classname="Negative request by characters" time="0.478"/>
  <testcase name="Checking the code and status when requesting with incorrect parameters #3" classname="Negative request by characters" time="0.427"/>
  <testcase name="Checking the code and status when requesting with incorrect parameters #4" classname="Negative request by characters" time="0.476"/>
  <testcase name="Checking the code and status when requesting with incorrect parameters #5" classname="Negative request by characters" time="0.44"/>
  <testcase name="Comparison of the name and id of heroes" classname="Positive request by characters" time="3.772"/>
  <testcase name="Checking the response for data" classname="Positive request by comics" time="3.053"/>
</testsuite>